 1   dead                                1
 1   dead                                0
 1        2        0
 2   dead                               00
 2        1        3
 3   dead                              111
 3   dead                              110
 3   dead                              101
 3   dead                              100
 3   dead                              011
 3   dead                              010
 3   dead                              001
 3   dead                              000
 3        8        0
 4   dead                             0000
 4        1       15
 5   dead                            10101
 5   dead                            00000
 5        2       30
 6   dead                           000000
 6        1       63
 7      128        0
 8   dead                         00000000
 8        1      255
 9   dead                        101010101
 9   dead                        000000000
 9        2      510
10   dead                       0000000000
10        1     1023
11   dead                      11101110111
11   dead                      11000110110
11   dead                      10101010101
11   dead                      10000010100
11   dead                      01101100011
11   dead                      01000100010
11   dead                      00101000001
11   dead                      00000000000
11        8     2040
12   dead                     000000000000
12        1     4095
13   dead                    1010101010101
13   dead                    0000000000000
13        2     8190
14   dead                   00000000000000
14        1    16383
15    32768        0
16   dead                 0000000000000000
16        1    65535
17   dead                10101010101010101
17   dead                00000000000000000
17        2   131070
18   dead               000000000000000000
18        1   262143
19   dead              1110111011101110111
19   dead              1100011011000110110
19   dead              1010101010101010101
19   dead              1000001010000010100
19   dead              0110110001101100011
19   dead              0100010001000100010
19   dead              0010100000101000001
19   dead              0000000000000000000
19        8   524280
20   dead             00000000000000000000
20        1  1048575
21   dead            101010101010101010101
21   dead            000000000000000000000
21        2  2097150
22   dead           0000000000000000000000
22        1  4194303
23   dead          11111110111111101111111
23   dead          11111100011111101111110
23   dead          11111010101111101111101
23   dead          11111000001111101111100
23   dead          11110110110111101111011
23   dead          11110100010111101111010
23   dead          11110010100111101111001
23   dead          11110000000111101111000
23   dead          11101110111011101110111
23   dead          11101100011011101110110
23   dead          11101010101011101110101
23   dead          11101000001011101110100
23   dead          11100110110011101110011
23   dead          11100100010011101110010
23   dead          11100010100011101110001
23   dead          11100000000011101110000
23   dead          11011110111101101101111
23   dead          11011100011101101101110
23   dead          11011010101101101101101
23   dead          11011000001101101101100
23   dead          11010110110101101101011
23   dead          11010100010101101101010
23   dead          11010010100101101101001
23   dead          11010000000101101101000
23   dead          11001110111001101100111
23   dead          11001100011001101100110
23   dead          11001010101001101100101
23   dead          11001000001001101100100
23   dead          11000110110001101100011
23   dead          11000100010001101100010
23   dead          11000010100001101100001
23   dead          11000000000001101100000
23   dead          10111110111110101011111
23   dead          10111100011110101011110
23   dead          10111010101110101011101
23   dead          10111000001110101011100
23   dead          10110110110110101011011
23   dead          10110100010110101011010
23   dead          10110010100110101011001
23   dead          10110000000110101011000
23   dead          10101110111010101010111
23   dead          10101100011010101010110
23   dead          10101010101010101010101
23   dead          10101000001010101010100
23   dead          10100110110010101010011
23   dead          10100100010010101010010
23   dead          10100010100010101010001
23   dead          10100000000010101010000
23   dead          10011110111100101001111
23   dead          10011100011100101001110
23   dead          10011010101100101001101
23   dead          10011000001100101001100
23   dead          10010110110100101001011
23   dead          10010100010100101001010
23   dead          10010010100100101001001
23   dead          10010000000100101001000
23   dead          10001110111000101000111
23   dead          10001100011000101000110
23   dead          10001010101000101000101
23   dead          10001000001000101000100
23   dead          10000110110000101000011
23   dead          10000100010000101000010
23   dead          10000010100000101000001
23   dead          10000000000000101000000
23   dead          01111110111111000111111
23   dead          01111100011111000111110
23   dead          01111010101111000111101
23   dead          01111000001111000111100
23   dead          01110110110111000111011
23   dead          01110100010111000111010
23   dead          01110010100111000111001
23   dead          01110000000111000111000
23   dead          01101110111011000110111
23   dead          01101100011011000110110
23   dead          01101010101011000110101
23   dead          01101000001011000110100
23   dead          01100110110011000110011
23   dead          01100100010011000110010
23   dead          01100010100011000110001
23   dead          01100000000011000110000
23   dead          01011110111101000101111
23   dead          01011100011101000101110
23   dead          01011010101101000101101
23   dead          01011000001101000101100
23   dead          01010110110101000101011
23   dead          01010100010101000101010
23   dead          01010010100101000101001
23   dead          01010000000101000101000
23   dead          01001110111001000100111
23   dead          01001100011001000100110
23   dead          01001010101001000100101
23   dead          01001000001001000100100
23   dead          01000110110001000100011
23   dead          01000100010001000100010
23   dead          01000010100001000100001
23   dead          01000000000001000100000
23   dead          00111110111110000011111
23   dead          00111100011110000011110
23   dead          00111010101110000011101
23   dead          00111000001110000011100
23   dead          00110110110110000011011
23   dead          00110100010110000011010
23   dead          00110010100110000011001
23   dead          00110000000110000011000
23   dead          00101110111010000010111
23   dead          00101100011010000010110
23   dead          00101010101010000010101
23   dead          00101000001010000010100
23   dead          00100110110010000010011
23   dead          00100100010010000010010
23   dead          00100010100010000010001
23   dead          00100000000010000010000
23   dead          00011110111100000001111
23   dead          00011100011100000001110
23   dead          00011010101100000001101
23   dead          00011000001100000001100
23   dead          00010110110100000001011
23   dead          00010100010100000001010
23   dead          00010010100100000001001
23   dead          00010000000100000001000
23   dead          00001110111000000000111
23   dead          00001100011000000000110
23   dead          00001010101000000000101
23   dead          00001000001000000000100
23   dead          00000110110000000000011
23   dead          00000100010000000000010
23   dead          00000010100000000000001
23   dead          00000000000000000000000
23      128  8388480
24   dead         000000000000000000000000
24        1 16777215
25   dead        1010101010101010101010101
25   dead        0000000000000000000000000
25        2 33554430
26   dead       00000000000000000000000000
26        1 67108863
27   dead      111011101110111011101110111
[ run terminated ]
